Build started 22-Jun-15 12:52:01 PM.
     1>Project "E:\mrnd\client and server\socket_server\socket\socket.vcxproj" on node 2 (Build target(s)).
     1>ClCompile:
         C:\Program Files (x86)\Microsoft Visual Studio 12.0\VC\bin\CL.exe /c /ZI /nologo /W3 /WX- /Od /Oy- /D WIN32 /D _DEBUG /D _CONSOLE /D _UNICODE /D UNICODE /Gm /EHsc /RTC1 /MDd /GS /fp:precise /Zc:wchar_t /Zc:forScope /Yu"stdafx.h" /Fp"Debug\socket.pch" /Fo"Debug\\" /Fd"Debug\vc120.pdb" /Gd /TP /analyze- /errorReport:prompt WinServer.cpp
         WinServer.cpp
     1>e:\mrnd\client and server\socket_server\socket\winserver.cpp(54): warning C4996: 'fopen': This function or variable may be unsafe. Consider using fopen_s instead. To disable deprecation, use _CRT_SECURE_NO_WARNINGS. See online help for details.
                 c:\program files (x86)\microsoft visual studio 12.0\vc\include\stdio.h(211) : see declaration of 'fopen'
     1>e:\mrnd\client and server\socket_server\socket\winserver.cpp(63): warning C4146: unary minus operator applied to unsigned type, result still unsigned
     1>e:\mrnd\client and server\socket_server\socket\winserver.cpp(149): warning C4996: 'inet_ntoa': Use inet_ntop() or InetNtop() instead or define _WINSOCK_DEPRECATED_NO_WARNINGS to disable deprecated API warnings
                 c:\program files (x86)\windows kits\8.1\include\um\winsock2.h(1868) : see declaration of 'inet_ntoa'
     1>e:\mrnd\client and server\socket_server\socket\winserver.cpp(171): warning C4996: 'fopen': This function or variable may be unsafe. Consider using fopen_s instead. To disable deprecation, use _CRT_SECURE_NO_WARNINGS. See online help for details.
                 c:\program files (x86)\microsoft visual studio 12.0\vc\include\stdio.h(211) : see declaration of 'fopen'
       Link:
         C:\Program Files (x86)\Microsoft Visual Studio 12.0\VC\bin\link.exe /ERRORREPORT:PROMPT /OUT:"E:\mrnd\client and server\socket_server\Debug\socket.exe" /INCREMENTAL /NOLOGO ws2_32.lib kernel32.lib user32.lib gdi32.lib winspool.lib comdlg32.lib advapi32.lib shell32.lib ole32.lib oleaut32.lib uuid.lib odbc32.lib odbccp32.lib /MANIFEST /MANIFESTUAC:"level='asInvoker' uiAccess='false'" /manifest:embed /DEBUG /PDB:"E:\mrnd\client and server\socket_server\Debug\socket.pdb" /SUBSYSTEM:CONSOLE /TLBID:1 /DYNAMICBASE /NXCOMPAT /IMPLIB:"E:\mrnd\client and server\socket_server\Debug\socket.lib" /MACHINE:X86 Debug\socket_server.obj
         Debug\stdafx.obj
         Debug\WinServer.obj
         socket.vcxproj -> E:\mrnd\client and server\socket_server\Debug\socket.exe
     1>Done Building Project "E:\mrnd\client and server\socket_server\socket\socket.vcxproj" (Build target(s)).

Build succeeded.

Time Elapsed 00:00:01.81
